<?xml version="1.0" encoding="UTF-8"?>
<testsuite xmlns:xsi="http://www.w3.org/2001/XMLSchema-instance" xsi:noNamespaceSchemaLocation="https://maven.apache.org/surefire/maven-surefire-plugin/xsd/surefire-test-report.xsd" name="com.pcwk.ehr.JunitUserDaoTest" time="3.907" tests="2" errors="1" skipped="0" failures="0">
  <properties>
[...]
</properties>
  <testcase name="addAndGet" classname="com.pcwk.ehr.JunitUserDaoTest" time="2.665">
    <error type="java.lang.NullPointerException">java.lang.NullPointerException
	at com.pcwk.ehr.JunitUserDaoTest.addAndGet(JunitUserDaoTest.java:44)
</error>
    <system-out><![CDATA[[2022-05-31 14:11:07.478] INFO  AbstractTestContextBootstrapper.getDefaultTestExecutionListenerClassNames(AbstractTestContextBootstrapper.java:245) - Loaded default TestExecutionListener class names from location [META-INF/spring.factories]: [org.springframework.test.context.web.ServletTestExecutionListener, org.springframework.test.context.support.DirtiesContextBeforeModesTestExecutionListener, org.springframework.test.context.event.ApplicationEventsTestExecutionListener, org.springframework.test.context.support.DependencyInjectionTestExecutionListener, org.springframework.test.context.support.DirtiesContextTestExecutionListener, org.springframework.test.context.transaction.TransactionalTestExecutionListener, org.springframework.test.context.jdbc.SqlScriptsTestExecutionListener, org.springframework.test.context.event.EventPublishingTestExecutionListener]
[2022-05-31 14:11:07.492] INFO  AbstractTestContextBootstrapper.getTestExecutionListeners(AbstractTestContextBootstrapper.java:174) - Using TestExecutionListeners: [org.springframework.test.context.support.DirtiesContextBeforeModesTestExecutionListener@2525ff7e, org.springframework.test.context.event.ApplicationEventsTestExecutionListener@524d6d96, org.springframework.test.context.support.DependencyInjectionTestExecutionListener@152aa092, org.springframework.test.context.support.DirtiesContextTestExecutionListener@44a7bfbc, org.springframework.test.context.transaction.TransactionalTestExecutionListener@4ef37659, org.springframework.test.context.jdbc.SqlScriptsTestExecutionListener@776b83cc, org.springframework.test.context.event.EventPublishingTestExecutionListener@37858383]
[2022-05-31 14:11:07.829] DEBUG JunitUserDaoTest.setUp(JunitUserDaoTest.java:86) - =======================
[2022-05-31 14:11:07.829] DEBUG JunitUserDaoTest.setUp(JunitUserDaoTest.java:87) - =0. setUp()=
[2022-05-31 14:11:07.829] DEBUG JunitUserDaoTest.setUp(JunitUserDaoTest.java:88) - =======================
[2022-05-31 14:11:07.832] DEBUG JunitUserDaoTest.setUp(JunitUserDaoTest.java:93) - context:org.springframework.context.support.GenericApplicationContext@550ee7e5, started on Tue May 31 14:11:07 KST 2022
[2022-05-31 14:11:07.832] DEBUG JunitUserDaoTest.setUp(JunitUserDaoTest.java:94) - dao:com.pcwk.ehr.UserDao@5c669da8
[2022-05-31 14:11:07.833] DEBUG JunitUserDaoTest.addAndGet(JunitUserDaoTest.java:34) - =======================
[2022-05-31 14:11:07.834] DEBUG JunitUserDaoTest.addAndGet(JunitUserDaoTest.java:35) - =1. setUp()=
[2022-05-31 14:11:07.834] DEBUG JunitUserDaoTest.addAndGet(JunitUserDaoTest.java:36) - =======================
[2022-05-31 14:11:09.019] DEBUG UserDaoDeleteAllStatement.makeStatement(UserDaoDeleteAllStatement.java:20) - ============================
[2022-05-31 14:11:09.019] DEBUG UserDaoDeleteAllStatement.makeStatement(UserDaoDeleteAllStatement.java:21) - sql : 
 DELETE FROM hr_member    

[2022-05-31 14:11:09.019] DEBUG UserDaoDeleteAllStatement.makeStatement(UserDaoDeleteAllStatement.java:22) - ============================
[2022-05-31 14:11:09.260] DEBUG UserDao.getCount(UserDao.java:43) - =============================
[2022-05-31 14:11:09.260] DEBUG UserDao.getCount(UserDao.java:44) - param : UserVO [uId=p27, name=최유빈27, passwd=4321]
[2022-05-31 14:11:09.260] DEBUG UserDao.getCount(UserDao.java:45) - sql: 
  SELECT COUNT(*) AS cnt    
 FROM hr_member            
 WHERE u_id LIKE ?  || '%' 

[2022-05-31 14:11:09.260] DEBUG UserDao.getCount(UserDao.java:46) - =============================
[2022-05-31 14:11:09.324] DEBUG UserDao.getCount(UserDao.java:59) - ====================
[2022-05-31 14:11:09.324] DEBUG UserDao.getCount(UserDao.java:60) - =count=0
[2022-05-31 14:11:09.324] DEBUG UserDao.getCount(UserDao.java:61) - ====================
[2022-05-31 14:11:10.473] DEBUG UserDaoAddStatement.makeStatement(UserDaoAddStatement.java:35) - ============================
[2022-05-31 14:11:10.473] DEBUG UserDaoAddStatement.makeStatement(UserDaoAddStatement.java:36) - param : UserVO [uId=p27, name=최유빈27, passwd=4321]
[2022-05-31 14:11:10.473] DEBUG UserDaoAddStatement.makeStatement(UserDaoAddStatement.java:37) - sql : 
 INSERT INTO hr_member ( 
        u_id,           
        name,           
        passwd          
    ) VALUES (          
        ?,              
        ?,              
        ?               
    )                   

[2022-05-31 14:11:10.473] DEBUG UserDaoAddStatement.makeStatement(UserDaoAddStatement.java:38) - ============================
[2022-05-31 14:11:10.482] DEBUG JunitUserDaoTest.tearDown(JunitUserDaoTest.java:102) - =======================
[2022-05-31 14:11:10.482] DEBUG JunitUserDaoTest.tearDown(JunitUserDaoTest.java:103) - =9. tearDown()=
[2022-05-31 14:11:10.482] DEBUG JunitUserDaoTest.tearDown(JunitUserDaoTest.java:104) - =======================
]]></system-out>
  </testcase>
  <testcase name="getFailure" classname="com.pcwk.ehr.JunitUserDaoTest" time="0.295"/>
</testsuite>