<?xml version="1.0" encoding="UTF-8"?>
<testsuite xmlns:xsi="http://www.w3.org/2001/XMLSchema-instance" xsi:noNamespaceSchemaLocation="https://maven.apache.org/surefire/maven-surefire-plugin/xsd/surefire-test-report.xsd" name="com.pcwk.ehr.JunitUserDaoTest" time="5.589" tests="2" errors="0" skipped="0" failures="0">
  <properties>
[...]
</properties>
  <testcase name="addAndGet" classname="com.pcwk.ehr.JunitUserDaoTest" time="3.872"/>
  <testcase name="getFailure" classname="com.pcwk.ehr.JunitUserDaoTest" time="0.288"/>
</testsuite>